Case #1: 963 35
Case #2: 968 37
Case #3: 982 14
Case #4: 74 11
Case #5: 0 0
Case #6: 992 42
Case #7: 612 5
Case #8: 983 22
Case #9: 970 18
Case #10: 970 35
Case #11: 81 9
Case #12: 0 0
Case #13: 973 34
Case #14: 984 36
Case #15: 954 13
Case #16: 879 8
Case #17: 975 45
Case #18: 983 44
Case #19: 0 0
Case #20: 941 20
Case #21: 0 0
Case #22: 555 12
Case #23: 957 29
Case #24: 340 340
Case #25: 657 16
Case #26: 984 34
Case #27: 964 6
Case #28: 860 860
Case #29: 967 13
Case #30: 946 13
Case #31: 984 53
Case #32: 30 3
Case #33: 702 34
Case #34: 835 15
Case #35: 970 12
Case #36: 366 23
Case #37: 833 40
Case #38: 133 133
Case #39: 492 12
Case #40: 970 35
Case #41: 988 30
Case #42: 707 10
Case #43: 404 404
Case #44: 129 8
Case #45: 0 0
Case #46: 0 0
Case #47: 984 18
Case #48: 956 7
Case #49: 991 47
Case #50: 669 669
