Case #1: 10 10
Case #2: 2 1
Case #3: 1 0
Case #4: 7 1
Case #5: 0 0
Case #6: 0 0
Case #7: 8 2
Case #8: 5 0
Case #9: 0 0
Case #10: 0 0
Case #11: 8 2
Case #12: 9 3
Case #13: 10 6
Case #14: 0 0
Case #15: 7 1
Case #16: 7 2
Case #17: 10 10
Case #18: 9 2
Case #19: 10 10
Case #20: 4 0
Case #21: 5 0
Case #22: 0 0
Case #23: 3 2
Case #24: 9 3
Case #25: 4 2
Case #26: 6 1
Case #27: 9 5
Case #28: 10 10
Case #29: 7 3
Case #30: 2 1
Case #31: 9 3
Case #32: 6 0
Case #33: 8 3
Case #34: 5 2
Case #35: 0 0
Case #36: 7 3
Case #37: 7 3
Case #38: 4 0
Case #39: 0 0
Case #40: 7 2
Case #41: 0 0
Case #42: 10 10
Case #43: 6 3
Case #44: 5 1
Case #45: 5 5
Case #46: 10 3
Case #47: 8 2
Case #48: 8 8
Case #49: 7 7
Case #50: 2 1
