Case #1: NONE
Case #2: 141144 144435 245416 311522 315621 322542 335541 346665 414114 416552 422534
Case #3: 122332 156512 215562 223321 231452 243661 314525 366134 416624 436613 534152 662565
Case #4: 11141 11152 11335 11412 11442 11522 12224 12245 12335 13214 13353 14133 14255 14335 14351 14421 14551 15153 15223 15255 15341 15413 21413 21425 21544 22142 22254 22322 22455 22543 23223 23242 23253 23353 23354 24152 24252 24411 24534 24554 25124 25132 25153 25215 25241 25334 25435 25545 31341 31414 31445 32141 32223 32232 32324 32533 32552 33252 33351 33511 33524 33525 33534 33542 34122 34322 34455 35251 35424 35533 41222 41323 41331 41432 41455 41523 41525 42521 43113 43224 43352 43534 43551 44143 45223 45315 45341 45514 45523 45541 51132 51242 51321 51534 52154 52232 52425 52513 52521 53312 53325 53352 53412 53414 53432 53445 53455 54131 54321 55144 55335 55415 55454 55551
Case #5: 111 112 113 121 122 123 131 132 133 211 212 213 221 222 223 231 232 233 311 312 313 321 322 323 331 332 333
Case #6: NONE
Case #7: 244333 264264 324661 352452 356555 564235 635655
Case #8: 4441753
Case #9: 11 12 21 22
Case #10: 1111 1112 1113 1114 1121 1122 1123 1124 1132 1133 1141 1142 1143 1144 1211 1212 1213 1221 1222 1223 1232 1233 1241 1242 1243 1244 1311 1312 1313 1314 1321 1323 1324 1331 1332 1334 1341 1342 1343 1344 1411 1413 1414 1421 1423 1424 1431 1433 1434 1441 1442 1443 1444 2111 2112 2113 2114 2121 2123 2131 2132 2133 2134 2141 2142 2143 2144 2211 2212 2213 2214 2221 2222 2223 2224 2231 2232 2233 2234 2243 2244 2311 2312 2314 2321 2322 2323 2331 2332 2333 2334 2341 2342 2343 2344 2411 2412 2413 2414 2421 2422 2423 2424 2432 2433 2434 2441 2442 2443 2444 3111 3112 3113 3114 3121 3122 3124 3131 3133 3142 3144 3211 3213 3214 3221 3222 3223 3224 3231 3232 3233 3234 3241 3242 3243 3244 3311 3312 3313 3314 3321 3322 3323 3324 3332 3333 3334 3342 3343 3344 3411 3413 3421 3422 3423 3424 3432 3433 3434 3442 3443 3444 4112 4113 4114 4123 4124 4131 4133 4134 4141 4143 4144 4211 4213 4214 4221 4222 4223 4224 4231 4232 4233 4234 4241 4242 4243 4244 4311 4312 4313 4314 4321 4322 4323 4324 4331 4332 4333 4334 4341 4342 4343 4344 4411 4413 4414 4421 4422 4423 4424 4431 4432 4433 4434 4442 4443 4444
Case #11: 1111 1112 1113 1122 1123 1124 1131 1132 1133 1134 1141 1143 1144 1212 1213 1214 1221 1222 1223 1224 1231 1232 1233 1234 1241 1242 1243 1244 1311 1312 1313 1314 1323 1324 1331 1332 1333 1334 1341 1342 1344 1411 1412 1421 1422 1423 1424 1431 1432 1433 1434 1441 1442 1443 2111 2121 2122 2123 2124 2131 2132 2133 2134 2141 2142 2143 2144 2212 2213 2214 2221 2222 2223 2224 2231 2232 2233 2241 2242 2243 2311 2313 2314 2321 2322 2324 2331 2332 2333 2334 2341 2342 2411 2412 2413 2414 2421 2422 2423 2424 2431 2432 2433 2434 2441 2442 3111 3112 3113 3114 3121 3122 3123 3124 3133 3134 3141 3143 3144 3211 3212 3213 3214 3222 3223 3224 3232 3233 3234 3241 3243 3244 3311 3312 3313 3314 3321 3322 3323 3324 3331 3332 3333 3334 3341 3342 3343 3344 3412 3413 3414 3421 3422 3423 3424 3431 3432 3433 3441 3444 4112 4113 4121 4122 4123 4124 4131 4132 4133 4134 4141 4142 4144 4211 4212 4213 4214 4221 4222 4224 4232 4233 4241 4243 4311 4312 4313 4314 4321 4322 4323 4324 4331 4333 4334 4341 4342 4343 4411 4412 4413 4421 4424 4431 4433 4434 4441 4443
Case #12: 11 12 21 22
Case #13: 11221 11334 11411 11452 12215 12253 12353 12522 13125 13234 13235 13345 13523 13534 14141 14155 14255 14322 14415 14554 15114 15241 15445 15453 21141 21312 21335 21353 21414 21545 22154 22224 22241 22245 22412 22421 23243 23334 23415 24113 24213 24332 24535 25222 25254 25425 25434 31122 31133 31252 31334 31415 31544 32355 32421 32535 33344 33432 33451 34243 34324 34421 34443 34444 34553 35234 35323 35344 35531 41235 41315 41413 41525 41545 42135 42155 42222 42441 42513 43134 43135 43142 43154 43244 43313 43325 43331 43424 43435 43444 43551 44152 44213 44214 44313 44431 44434 44454 44544 45153 45242 45321 45354 51323 51524 51533 52224 52315 52333 52411 52541 52551 53141 53253 53422 53442 53444 53542 53553 54154 54252 54313 54342 54343 54445 54534 55122 55314
Case #14: 111 112 113 121 122 123 131 132 133 211 212 213 221 222 223 231 232 233 311 312 313 321 322 323 331 332 333
Case #15: 11 12 21 22
Case #16: 1
Case #17: NONE
Case #18: 111 112 113 121 122 123 131 132 133 211 212 213 221 222 223 231 232 233 311 312 313 321 322 323 331 332 333
Case #19: 162424 226331 314563 422633 424443
Case #20: NONE
Case #21: 1
Case #22: NONE
Case #23: 111 112 113 121 122 123 131 132 133 211 212 213 221 222 223 231 232 233 311 312 313 321 322 323 331 332 333
Case #24: 11212 12123 12542 12544 12553 13125 13142 13321 13323 13522 14422 14524 14544 15312 15341 15431 15455 21244 21254 21314 21315 22125 22222 22455 22522 22532 23514 23515 23523 23545 24213 24525 24544 25123 25511 25514 25531 31122 31254 31424 31434 32124 32424 33143 33411 33523 34133 34433 34441 35133 35145 35154 35223 35233 35531 41332 41543 42131 42145 42351 42551 43341 44131 44154 44242 44334 44352 44413 44424 44535 44554 45235 45242 45324 45352 45444 45525 45544 51121 51154 51332 51442 51454 51531 51545 52152 52323 52344 52351 52354 52421 52521 53122 53152 53245 53513 54212 54235 54313 54515 54552 55112 55315
Case #25: 1
Case #26: 6577633 7467352
Case #27: 111 112 113 121 122 123 131 132 133 211 212 213 221 222 223 231 232 233 311 312 313 321 322 323 331 332 333
Case #28: NONE
Case #29: 11422 11512 11523 12151 12243 12255 12335 12443 14221 14341 14344 14351 15111 15122 15235 15332 15341 15425 15532 21434 21444 21511 21534 22153 22223 22224 22234 22553 23111 23143 23332 23423 23441 23454 24233 24345 24434 24513 24551 25215 25312 25431 25531 25535 31151 31224 31225 31435 31533 31554 32342 32423 32435 33115 33122 33254 33255 33412 33551 33555 34124 34152 34222 34234 34341 34433 34552 35124 35154 35425 35515 41225 41244 41255 41343 41443 42214 42341 42455 43153 43252 43312 43325 43355 43415 43425 43445 43453 43513 43542 44133 44215 44331 44342 45132 45234 45523 45555 51233 51534 52222 52311 52344 53124 53341 53424 54111 54253 54432 54523 54555 55121 55143 55243 55452 55524
Case #30: 111 112 113 121 122 123 131 132 133 211 212 213 221 222 223 231 232 233 311 312 313 321 322 323 331 332 333
Case #31: 11 12 21 22
Case #32: 11 12 21 22
Case #33: NONE
Case #34: 11 12 21 22
Case #35: 11 12 21 22
Case #36: NONE
Case #37: 1
Case #38: 163164 165351 216243 326115 442312 532632 545251 553263 653145
Case #39: 1
Case #40: 111112 112163 141134 451614 545161 546661 555332 555465 651531
Case #41: 153335
Case #42: 11114 11142 11145 11311 11313 11455 12154 12252 12311 13111 13131 13151 13235 13245 13531 13532 14325 14341 14435 14552 15113 15125 15152 15455 21353 21432 21533 22313 22415 22512 23122 23135 23232 23343 23444 23554 24115 24232 24543 25434 25524 25533 31145 31225 31315 31354 31511 32351 32454 32553 34214 34241 35215 35325 35344 35451 41241 41324 41353 41414 42145 42341 42355 43231 43342 43433 43452 43543 44454 44534 44542 44545 45143 45212 45345 45432 45452 45523 45524 45551 51131 51231 51251 51311 51314 51434 52312 52423 53114 53121 53235 53322 53442 54212 54214 54234 54245 54354 54521 55131 55234 55241 55335
Case #43: 1111 1112 1113 1114 1121 1123 1124 1131 1132 1133 1134 1141 1142 1144 1211 1212 1213 1214 1221 1222 1223 1224 1231 1232 1233 1234 1241 1242 1243 1244 1311 1312 1313 1314 1322 1323 1324 1331 1332 1333 1334 1341 1343 1344 1411 1412 1413 1414 1421 1422 1423 1424 1432 1433 1434 1441 1442 1443 1444 2111 2112 2113 2114 2121 2122 2123 2124 2131 2132 2133 2134 2141 2142 2144 2211 2212 2213 2214 2221 2222 2223 2224 2231 2232 2233 2234 2241 2242 2243 2244 2311 2312 2313 2314 2321 2322 2324 2331 2332 2333 2334 2341 2342 2343 2344 2412 2413 2414 2421 2422 2423 2431 2433 2441 2442 2443 2444 3111 3112 3113 3114 3121 3122 3123 3131 3132 3133 3134 3141 3142 3143 3144 3212 3213 3214 3221 3222 3223 3224 3231 3233 3234 3241 3242 3244 3311 3312 3313 3314 3321 3322 3323 3324 3331 3332 3333 3334 3341 3342 3343 3344 3411 3412 3413 3414 3421 3422 3432 3433 3434 3441 3442 3443 3444 4111 4112 4113 4114 4122 4123 4124 4131 4132 4133 4134 4141 4142 4143 4144 4211 4212 4213 4214 4221 4222 4223 4224 4231 4232 4233 4234 4241 4243 4244 4311 4312 4314 4321 4322 4324 4331 4332 4333 4334 4341 4343 4344 4411 4412 4413 4414 4421 4422 4423 4424 4431 4432 4433 4434 4441 4442 4443 4444
Case #44: 11 12 21 22
Case #45: 11 12 21 22
Case #46: NONE
Case #47: NONE
Case #48: NONE
Case #49: 11513 11535 12443 12455 13122 13133 13333 13455 14122 15115 15125 15134 15214 15224 15354 21141 21213 21312 21524 22134 22224 22423 22455 23444 23524 24153 24325 24353 24411 24532 24552 24554 25222 25255 25331 25341 25421 25521 25533 31335 31522 32125 32324 32344 33323 33345 33443 33552 34133 34151 34152 34225 34333 34413 34441 34525 34552 35321 35352 35353 41224 41225 41245 41333 41521 42124 42152 43152 43251 43415 43532 43555 44134 44255 44413 44422 45521 45543 51325 51345 51352 51415 52144 52154 52222 52242 52243 52525 53212 53315 53413 53415 53513 53534 53535 54213 54315 54355 54423 55215 55224 55334 55435 55534
Case #50: NONE
Case #51: NONE
Case #52: NONE
Case #53: NONE
Case #54: 1
Case #55: 111 112 113 121 122 123 131 132 133 211 212 213 221 222 223 231 232 233 311 312 313 321 322 323 331 332 333
Case #56: NONE
Case #57: 4433334 6523324
Case #58: NONE
Case #59: 1112 1113 1114 1121 1122 1123 1124 1131 1132 1133 1134 1142 1143 1211 1212 1213 1214 1222 1223 1224 1231 1232 1233 1234 1241 1242 1243 1244 1311 1312 1313 1314 1321 1322 1323 1331 1332 1334 1341 1342 1343 1344 1411 1414 1421 1422 1423 1424 1431 1432 1433 1434 1441 1442 1443 1444 2111 2112 2113 2121 2122 2123 2124 2132 2133 2134 2142 2144 2211 2212 2213 2221 2222 2223 2224 2231 2232 2233 2234 2241 2242 2243 2244 2311 2312 2313 2314 2321 2322 2323 2324 2331 2332 2333 2334 2341 2342 2343 2344 2411 2412 2414 2421 2422 2423 2424 2431 2432 2433 2441 2442 2443 2444 3111 3112 3113 3114 3121 3122 3123 3124 3131 3141 3142 3143 3144 3211 3212 3214 3221 3222 3223 3224 3231 3233 3234 3242 3243 3244 3311 3312 3314 3321 3322 3323 3324 3331 3332 3333 3334 3341 3342 3343 3411 3412 3414 3421 3422 3423 3424 3431 3432 3433 3434 3441 3442 3443 3444 4111 4112 4113 4114 4121 4122 4123 4124 4133 4134 4141 4142 4143 4144 4212 4213 4214 4221 4222 4223 4231 4232 4233 4234 4242 4243 4244 4311 4312 4313 4314 4321 4322 4324 4331 4332 4333 4334 4341 4342 4343 4344 4411 4412 4413 4414 4421 4422 4423 4424 4431 4432 4433 4434 4441 4442 4443 4444
Case #60: NONE
Case #61: 11221 11241 11422 11513 12343 12355 12413 13213 13255 13323 13332 13345 13435 13444 14122 14135 14221 14334 14412 15115 15131 15134 15355 15525 15533 21124 21334 21431 21441 22121 22255 22315 22445 23152 23222 23422 23443 23554 24132 24155 24332 24453 25424 25431 25552 25554 31114 31151 31234 31535 32133 32231 32415 32433 32511 32543 32555 33241 33324 33434 34234 34345 34435 34445 34531 34554 35153 35225 35431 35454 35543 35552 41223 41325 41354 41421 41424 41513 41532 42134 42154 42251 42344 42415 42454 43145 43153 43235 43342 43424 43455 43513 43515 43522 43552 44241 44341 44351 44535 45413 45544 51122 51152 51321 51332 52143 52225 52254 52443 52523 53113 53123 53254 53343 53553 54132 54224 54245 54315 54541 55112 55132 55252 55255 55433 55441 55442 55522
Case #62: 1111 1112 1113 1114 1121 1122 1123 1124 1131 1132 1133 1134 1141 1142 1143 1144 1211 1212 1213 1214 1221 1223 1224 1231 1232 1233 1234 1241 1242 1243 1244 1311 1312 1313 1314 1321 1322 1323 1324 1331 1333 1334 1341 1342 1343 1344 1411 1412 1414 1421 1422 1423 1424 1431 1433 1434 1441 1442 1443 1444 2111 2112 2113 2114 2121 2122 2123 2124 2131 2132 2133 2134 2141 2142 2143 2144 2211 2213 2214 2221 2224 2231 2232 2234 2241 2242 2243 2244 2311 2312 2313 2314 2321 2322 2323 2324 2331 2332 2333 2341 2342 2343 2344 2411 2412 2413 2414 2421 2423 2424 2431 2432 2433 2441 2442 2443 2444 3111 3112 3113 3114 3121 3122 3123 3124 3132 3134 3141 3142 3143 3144 3211 3212 3213 3221 3223 3224 3231 3232 3233 3234 3241 3242 3243 3244 3311 3312 3314 3321 3322 3323 3331 3332 3333 3334 3341 3342 3344 3411 3412 3413 3414 3421 3422 3423 3431 3432 3433 3434 3441 3442 3443 3444 4111 4112 4113 4114 4122 4123 4124 4132 4133 4134 4141 4142 4211 4212 4213 4214 4221 4222 4223 4224 4231 4232 4233 4234 4241 4242 4243 4244 4311 4312 4313 4314 4321 4322 4323 4324 4331 4333 4334 4341 4342 4343 4344 4411 4412 4414 4421 4422 4423 4424 4431 4432 4433 4442 4443 4444
Case #63: 1111 1113 1114 1121 1122 1123 1124 1131 1132 1133 1134 1141 1142 1143 1144 1211 1212 1213 1214 1221 1222 1223 1224 1231 1232 1233 1234 1241 1242 1243 1244 1311 1312 1313 1314 1321 1322 1323 1331 1332 1333 1334 1341 1342 1343 1344 1411 1412 1414 1421 1422 1424 1431 1432 1433 1434 1441 1442 1443 1444 2111 2112 2113 2114 2121 2122 2123 2131 2132 2133 2134 2141 2142 2143 2144 2211 2212 2213 2214 2221 2222 2223 2224 2231 2232 2233 2234 2241 2243 2244 2311 2312 2314 2322 2323 2324 2331 2332 2333 2334 2341 2342 2344 2412 2413 2414 2421 2423 2424 2431 2432 2434 2441 2442 2444 3111 3112 3113 3114 3121 3122 3124 3132 3133 3134 3141 3143 3144 3211 3212 3214 3221 3222 3224 3231 3232 3233 3241 3242 3243 3244 3311 3312 3314 3322 3323 3332 3333 3334 3341 3342 3343 3344 3411 3412 3413 3414 3421 3422 3423 3424 3431 3432 3433 3434 3441 3442 3443 3444 4111 4112 4113 4114 4121 4122 4123 4124 4131 4134 4141 4142 4143 4144 4211 4212 4213 4214 4221 4222 4223 4224 4231 4232 4233 4234 4241 4242 4243 4244 4311 4312 4313 4314 4321 4324 4331 4334 4341 4342 4343 4344 4411 4412 4413 4414 4421 4422 4423 4424 4431 4432 4433 4434 4441 4442 4443 4444
Case #64: 1111 1112 1114 1121 1122 1123 1124 1131 1133 1134 1141 1143 1144 1211 1212 1213 1214 1221 1222 1223 1224 1232 1233 1234 1241 1242 1243 1244 1311 1312 1314 1321 1322 1323 1324 1331 1332 1333 1334 1341 1342 1343 1344 1411 1412 1413 1414 1421 1422 1423 1424 1431 1432 1433 1434 1441 1442 1443 1444 2111 2112 2113 2114 2121 2122 2123 2124 2131 2132 2134 2141 2142 2143 2144 2211 2213 2214 2221 2222 2223 2224 2231 2232 2233 2234 2241 2243 2244 2311 2314 2321 2322 2323 2324 2331 2332 2333 2334 2341 2342 2343 2411 2412 2413 2414 2421 2422 2423 2424 2431 2432 2433 2442 2443 2444 3111 3112 3113 3114 3121 3122 3124 3133 3141 3142 3143 3144 3211 3212 3213 3214 3221 3222 3223 3224 3231 3232 3233 3234 3241 3242 3243 3244 3311 3312 3314 3321 3322 3323 3324 3331 3332 3333 3341 3342 3343 3344 3412 3413 3414 3421 3422 3423 3424 3431 3432 3433 3434 3441 3442 3443 3444 4111 4113 4114 4121 4122 4123 4124 4132 4133 4134 4141 4142 4143 4144 4211 4212 4213 4214 4221 4222 4224 4231 4232 4233 4234 4242 4243 4244 4311 4312 4313 4314 4321 4322 4323 4324 4331 4332 4333 4334 4341 4342 4343 4344 4412 4413 4414 4421 4422 4423 4424 4432 4433 4434 4441 4442 4443 4444
Case #65: NONE
Case #66: 1
Case #67: 1112 1114 1121 1122 1123 1124 1131 1132 1133 1134 1141 1142 1143 1144 1211 1212 1214 1222 1223 1224 1231 1232 1233 1234 1241 1242 1243 1244 1311 1312 1313 1314 1321 1322 1323 1324 1332 1333 1334 1341 1343 1344 1411 1412 1413 1414 1421 1423 1424 1431 1432 1433 1434 1441 1442 1443 1444 2112 2113 2114 2121 2122 2123 2124 2131 2132 2133 2134 2141 2142 2143 2144 2211 2212 2213 2214 2221 2222 2231 2232 2234 2241 2242 2244 2311 2312 2313 2314 2321 2322 2323 2324 2332 2333 2334 2341 2342 2343 2344 2411 2412 2413 2421 2422 2423 2424 2431 2432 2433 2434 2441 2442 2443 2444 3111 3112 3113 3114 3121 3122 3123 3124 3131 3132 3133 3141 3142 3143 3144 3213 3214 3221 3222 3223 3224 3232 3233 3234 3241 3242 3243 3312 3314 3322 3323 3324 3331 3332 3333 3334 3341 3343 3344 3411 3412 3413 3423 3424 3431 3432 3433 3434 3441 3442 3443 3444 4111 4112 4113 4114 4121 4123 4124 4131 4132 4133 4134 4144 4211 4212 4213 4214 4221 4223 4231 4232 4233 4234 4241 4242 4243 4244 4311 4312 4313 4314 4321 4323 4324 4331 4332 4333 4341 4342 4343 4411 4413 4414 4421 4422 4423 4424 4431 4432 4434 4441 4442 4444
Case #68: 1111 1112 1113 1121 1122 1123 1124 1131 1132 1133 1134 1141 1142 1143 1144 1211 1212 1213 1214 1221 1222 1223 1224 1231 1232 1233 1234 1241 1242 1243 1244 1311 1312 1313 1314 1321 1322 1323 1324 1331 1332 1333 1334 1341 1342 1343 1344 1411 1412 1413 1414 1421 1423 1424 1431 1432 1433 1434 1441 1442 1444 2111 2112 2113 2114 2121 2122 2123 2124 2131 2132 2133 2134 2141 2142 2143 2144 2211 2212 2213 2214 2221 2222 2224 2231 2232 2233 2241 2242 2243 2244 2312 2313 2314 2322 2324 2331 2332 2333 2334 2341 2342 2344 2411 2412 2413 2414 2421 2422 2423 2431 2432 2434 2441 2442 2443 2444 3111 3112 3113 3114 3121 3122 3123 3124 3131 3132 3133 3134 3141 3142 3144 3211 3212 3213 3214 3222 3223 3224 3231 3232 3234 3241 3242 3243 3244 3311 3312 3314 3321 3322 3323 3324 3331 3332 3333 3334 3341 3343 3344 3411 3412 3413 3414 3421 3423 3424 3431 3432 3433 3434 3442 3443 3444 4111 4112 4114 4121 4122 4123 4124 4131 4132 4133 4134 4141 4142 4143 4144 4211 4212 4213 4214 4221 4222 4223 4231 4232 4233 4234 4241 4243 4244 4311 4312 4313 4314 4321 4322 4324 4331 4332 4334 4341 4342 4343 4344 4411 4412 4413 4414 4421 4422 4423 4424 4431 4433 4434 4441 4442 4443
Case #69: 111 112 113 121 122 123 131 132 133 211 212 213 221 222 223 231 232 233 311 312 313 321 322 323 331 332 333
Case #70: 7463355
Case #71: 151524 445331 524642 641513 643443
Case #72: 11311 11322 11344 11542 12135 12143 12312 12323 12444 12514 13122 13131 13133 13134 13145 13412 13512 14234 14343 14455 14512 14533 15224 15315 15322 15421 21131 21132 21134 21223 21251 21313 21355 21531 21532 22131 22153 22225 22242 22253 22255 22322 22424 22531 22554 22555 23111 23211 23421 23433 23512 24224 24251 24312 24415 24445 24513 25131 25314 25325 25442 25452 25543 25545 25554 31125 31221 31231 31234 31445 31522 31524 32113 32224 32225 32235 32255 32311 33225 33433 33553 34121 34222 34331 34335 35124 35311 35534 41214 41222 41312 41321 41545 42113 42155 42343 42513 42545 43123 43315 43322 44154 44232 44252 44451 44455 44532 44552 44555 45123 45323 45335 45523 45541 45553 51244 51531 52125 52351 52523 53112 53144 53152 53422 54131 54211 54254 54334 54425 54523 55322 55334 55342 55344 55433 55452 55544
Case #73: NONE
Case #74: NONE
Case #75: 111 112 113 121 122 123 131 132 133 211 212 213 221 222 223 231 232 233 311 312 313 321 322 323 331 332 333
Case #76: 345144 356415 431162 451446 533122 632664
Case #77: 111 112 113 121 122 123 131 132 133 211 212 213 221 222 223 231 232 233 311 312 313 321 322 323 331 332 333
Case #78: 364214 424335 433446 622635
Case #79: NONE
Case #80: 1
Case #81: 1
Case #82: 111 112 113 121 122 123 131 132 133 211 212 213 221 222 223 231 232 233 311 312 313 321 322 323 331 332 333
Case #83: 135133 135432 213543 233226 255223 263135 344632 446326 531412 564112 621454 623322 643622 653621 655635
Case #84: 1111 1112 1113 1121 1122 1123 1124 1131 1132 1133 1134 1141 1142 1143 1144 1211 1212 1213 1221 1222 1223 1231 1232 1234 1242 1243 1311 1312 1313 1314 1321 1322 1324 1331 1332 1333 1334 1341 1342 1343 1344 1411 1412 1413 1414 1421 1422 1423 1424 1431 1433 1434 1441 1442 1443 1444 2111 2112 2113 2114 2121 2122 2123 2124 2131 2132 2133 2134 2141 2142 2143 2144 2211 2212 2213 2214 2221 2222 2223 2224 2231 2232 2234 2241 2242 2243 2244 2311 2313 2314 2321 2322 2323 2324 2334 2341 2342 2343 2344 2411 2412 2413 2414 2421 2422 2423 2424 2431 2432 2433 2434 2441 2442 2444 3111 3112 3114 3122 3123 3131 3132 3133 3134 3141 3142 3143 3144 3211 3212 3214 3221 3222 3224 3231 3234 3241 3242 3244 3311 3312 3313 3321 3324 3331 3332 3334 3341 3343 3411 3412 3413 3414 3421 3422 3423 3424 3431 3432 3433 3434 3441 3442 3443 3444 4111 4112 4113 4114 4121 4122 4123 4124 4131 4132 4133 4134 4142 4143 4144 4211 4213 4214 4221 4222 4224 4231 4232 4234 4241 4242 4243 4244 4311 4312 4313 4314 4321 4323 4324 4331 4332 4333 4341 4342 4343 4344 4413 4414 4421 4422 4423 4424 4431 4432 4433 4434 4441 4442 4443 4444
Case #85: 1
Case #86: 11 12 21 22
Case #87: NONE
Case #88: NONE
Case #89: 1
Case #90: 11114 11131 11145 11233 11312 11453 11531 12121 12141 12252 12331 12415 12423 12425 12514 13124 13221 14121 14132 14534 14545 15121 15145 15151 15215 15311 15435 21111 21233 21242 21412 21532 22221 22222 22224 22354 23243 23251 23311 23424 24153 24234 24445 25144 25145 25523 31113 31124 31232 31325 31453 31524 31525 32222 32335 32434 32524 32552 33233 33323 33355 34245 34315 34343 35133 35141 35222 35455 41452 42222 42342 42554 43152 43431 43434 43443 44145 44154 44452 45115 45232 45243 45451 45521 51132 51431 51454 52111 52132 52152 52153 52225 52325 52431 53111 53152 54344 54511 54554 55131 55143 55213 55215 55444 55524 55552
Case #91: 115312 145656 162313 164411 235513 514565 516231 521153 635332
Case #92: 11 12 21 22
Case #93: 11244 12442 12451 12452 12525 12552 13141 13154 13233 13423 13435 13441 13523 14152 14155 15354 15412 15543 21131 21231 21541 22123 22324 22341 22435 22543 23141 23142 23311 23331 24141 24355 24431 24523 25134 25332 25433 25522 25552 31124 31245 31324 31415 31454 31535 31542 32142 32152 32352 32414 32444 33112 33145 33153 33244 33323 33325 33343 33432 34134 34544 34554 35231 35544 41245 41343 41344 41432 41554 42142 42333 42344 42435 42443 42513 43215 43221 43223 43542 43554 44134 44234 44313 44322 44331 44333 44433 44443 45441 45453 51252 51323 51554 52113 52234 52314 52343 52435 52445 52514 53131 54121 54322 54454 55125 55422 55431
Case #94: NONE
Case #95: NONE
Case #96: NONE
Case #97: 3656356
Case #98: 1111 1112 1113 1114 1121 1122 1123 1124 1131 1132 1133 1134 1142 1143 1144 1211 1212 1213 1214 1221 1222 1223 1224 1231 1232 1233 1234 1241 1242 1311 1312 1313 1314 1321 1322 1323 1324 1331 1332 1333 1334 1341 1342 1344 1411 1412 1413 1421 1422 1423 1424 1431 1432 1433 1441 1442 1443 1444 2111 2112 2113 2114 2121 2122 2123 2124 2131 2132 2133 2134 2141 2142 2143 2144 2211 2212 2213 2214 2221 2222 2223 2224 2231 2232 2233 2234 2241 2242 2243 2244 2311 2312 2313 2322 2323 2324 2331 2332 2333 2334 2341 2342 2343 2344 2411 2412 2414 2421 2422 2431 2432 2433 2434 2441 2442 2444 3111 3112 3113 3121 3122 3123 3124 3131 3132 3133 3141 3142 3143 3144 3211 3212 3213 3214 3221 3222 3223 3224 3231 3232 3233 3234 3241 3242 3243 3244 3311 3312 3313 3314 3321 3322 3323 3324 3331 3332 3333 3334 3341 3342 3344 3411 3412 3413 3421 3423 3424 3431 3432 3433 3441 3443 3444 4111 4112 4113 4114 4121 4122 4123 4132 4133 4134 4141 4142 4143 4144 4211 4212 4213 4214 4221 4223 4224 4231 4234 4241 4243 4244 4311 4312 4313 4314 4321 4322 4323 4324 4331 4332 4333 4334 4343 4411 4412 4413 4414 4421 4422 4424 4431 4432 4433 4434 4441 4442 4444
Case #99: NONE
Case #100: 11222 11225 11244 11312 11413 11424 11441 11522 11554 12143 12222 12223 12225 12551 13321 13324 13342 13354 13413 13454 13541 14134 14212 14223 14313 14321 14435 14522 15141 15214 15224 15545 21122 21152 21222 21243 21334 21442 22122 22133 22213 22221 22235 22251 22341 22411 22451 22453 22515 23331 23514 23515 24111 24125 24131 24151 24511 24531 25155 25231 25345 25452 31121 31141 31211 31313 31335 31341 31353 31354 32112 32151 32351 32432 32545 33123 33134 33215 33313 33344 33414 33532 33545 34142 34252 34432 34453 34541 35142 35152 35313 35323 35431 35451 41112 41155 41255 41314 41332 41345 41422 41452 42213 42442 42523 43115 43135 43211 43441 43543 44224 44321 44352 45241 45245 45311 45532 51332 51413 51425 51534 52144 52213 52222 52413 53114 53133 53225 53443 54115 54252 54311 54521 54534 55121 55143 55322
