Case #1: 0 6291456
Case #2: 1125899906842623 1125899906842623
Case #3: 4194302 1073741822
Case #4: 0 4398046511102
Case #5: 34359738366 274877906942
Case #6: 2046 1048574
Case #7: 0 0
Case #8: 131070 17592186044414
Case #9: 0 16711680
Case #10: 6 14
Case #11: 0 8188
Case #12: 6 254
Case #13: 0 1008
Case #14: 0 70368744177660
Case #15: 6 8589934590
Case #16: 0 549688705024
Case #17: 0 0
Case #18: 2 35184372088830
Case #19: 262143 262143
Case #20: 2 2147483646
Case #21: 0 16256
Case #22: 2 1125899906842622
Case #23: 0 0
Case #24: 1099511627774 1125899906842622
Case #25: 0 2147418112
Case #26: 2 126
Case #27: 6 4398046511102
Case #28: 0 67108848
Case #29: 131070 131070
Case #30: 1022 549755813886
Case #31: 549755813887 549755813887
Case #32: 0 274877906432
Case #33: 510 35184372088830
Case #34: 4194302 4194302
Case #35: 0 8589933568
Case #36: 0 2080374784
Case #37: 0 16760832
Case #38: 0 0
Case #39: 254 35184372088830
Case #40: 1022 17179869182
Case #41: 262142 268435454
Case #42: 1022 16382
Case #43: 131070 131070
Case #44: 0 2016
Case #45: 67108862 4294967294
Case #46: 14 67108862
Case #47: 0 2046
Case #48: 0 272730423296
Case #49: 0 562949953419264
Case #50: 0 12884901888
Case #51: 17179869182 140737488355326
Case #52: 1073741822 549755813886
Case #53: 254 536870910
Case #54: 0 34358689792
Case #55: 0 2199023255548
Case #56: 0 4194302
Case #57: 4094 4194302
Case #58: 65534 1125899906842622
Case #59: 14 30
Case #60: 0 33554176
Case #61: 0 1125899839733760
Case #62: 2 1022
Case #63: 0 124
Case #64: 14 262142
Case #65: 0 1125899898454016
Case #66: 2 8388606
Case #67: 2 2199023255550
Case #68: 2199023255551 2199023255551
Case #69: 0 4123168604160
Case #70: 0 2044
Case #71: 0 34359730176
Case #72: 0 1125899906842620
Case #73: 0 35184355311616
Case #74: 0 4177920
Case #75: 0 261888
Case #76: 0 65534
Case #77: 0 1125899906842622
Case #78: 0 3072
Case #79: 4398046511102 4398046511102
Case #80: 0 0
Case #81: 1048574 35184372088830
Case #82: 1125899906842622 1125899906842622
Case #83: 7 7
Case #84: 0 68652367872
Case #85: 0 70368744177536
Case #86: 0 1125899898454016
Case #87: 2097150 1125899906842622
Case #88: 0 2199023255550
Case #89: 1 1
Case #90: 32766 34359738366
Case #91: 0 268433408
Case #92: 16382 536870910
Case #93: 30 254
Case #94: 0 17592186044412
Case #95: 68719476734 1125899906842622
Case #96: 6 562949953421310
Case #97: 0 1125897759358976
Case #98: 16382 4194302
Case #99: 0 0
Case #100: 8388606 8388606
