Case #1: 0 0
Case #2: 0 126
Case #3: 0 0
Case #4: 2 6
Case #5: 0 56
Case #6: 6 62
Case #7: 0 448
Case #8: 0 14
Case #9: 2 30
Case #10: 14 510
Case #11: 0 1020
Case #12: 0 992
Case #13: 2 254
Case #14: 30 1022
Case #15: 0 6
Case #16: 14 254
Case #17: 15 15
Case #18: 0 508
Case #19: 0 252
Case #20: 0 8
Case #21: 0 56
Case #22: 14 254
Case #23: 0 4
Case #24: 2 6
Case #25: 0 6
Case #26: 0 992
Case #27: 0 1016
Case #28: 0 1020
Case #29: 0 6
Case #30: 30 510
Case #31: 31 31
Case #32: 30 62
Case #33: 126 254
Case #34: 0 240
Case #35: 0 120
Case #36: 0 1022
Case #37: 2 30
Case #38: 0 252
Case #39: 2 30
Case #40: 2 126
Case #41: 0 28
Case #42: 14 1022
Case #43: 2 254
Case #44: 0 240
Case #45: 510 510
Case #46: 0 1016
Case #47: 2 6
Case #48: 0 252
Case #49: 0 192
Case #50: 2 6
Case #51: 0 248
Case #52: 62 510
Case #53: 0 960
Case #54: 1022 1022
Case #55: 126 1022
Case #56: 0 1008
Case #57: 15 15
Case #58: 0 960
Case #59: 30 30
Case #60: 0 56
Case #61: 0 120
Case #62: 2 2
Case #63: 6 62
Case #64: 0 240
Case #65: 6 510
Case #66: 254 254
Case #67: 0 448
Case #68: 0 252
Case #69: 0 56
Case #70: 1023 1023
Case #71: 0 0
Case #72: 0 0
Case #73: 6 126
Case #74: 0 28
Case #75: 0 28
Case #76: 254 254
Case #77: 0 0
Case #78: 6 62
Case #79: 3 3
Case #80: 0 32
Case #81: 6 126
Case #82: 0 240
Case #83: 0 248
Case #84: 2 254
Case #85: 2 1022
Case #86: 2 254
Case #87: 2 254
Case #88: 14 510
Case #89: 14 62
Case #90: 6 30
Case #91: 0 16
Case #92: 1 1
Case #93: 0 480
Case #94: 0 30
Case #95: 0 508
Case #96: 0 0
Case #97: 2 30
Case #98: 126 254
Case #99: 0 192
Case #100: 2 254
