Case #1: 2 254
Case #2: 6 126
Case #3: 62 1022
Case #4: 0 1020
Case #5: 0 0
Case #6: 30 1022
Case #7: 0 252
Case #8: 0 28
Case #9: 2 30
Case #10: 14 62
Case #11: 31 31
Case #12: 0 224
Case #13: 0 896
Case #14: 0 480
Case #15: 0 252
Case #16: 14 14
Case #17: 2 6
Case #18: 0 0
Case #19: 1 1
Case #20: 6 30
Case #21: 0 60
Case #22: 2 1022
Case #23: 0 4
Case #24: 3 3
Case #25: 0 56
Case #26: 2 6
Case #27: 2 62
Case #28: 0 0
Case #29: 0 124
Case #30: 2 126
Case #31: 2 126
Case #32: 14 126
Case #33: 0 4
Case #34: 126 126
Case #35: 2 1022
Case #36: 0 496
Case #37: 0 0
Case #38: 14 126
Case #39: 0 252
Case #40: 0 12
Case #41: 0 504
Case #42: 0 992
Case #43: 0 508
Case #44: 0 112
Case #45: 2 30
Case #46: 63 63
Case #47: 0 508
Case #48: 14 62
Case #49: 6 62
Case #50: 0 56
Case #51: 0 240
Case #52: 0 252
Case #53: 2 6
Case #54: 30 1022
Case #55: 2 126
Case #56: 0 56
Case #57: 126 510
Case #58: 0 124
Case #59: 0 1020
Case #60: 0 0
Case #61: 2 510
Case #62: 0 0
Case #63: 0 1020
Case #64: 0 240
Case #65: 2 510
Case #66: 0 28
Case #67: 0 8
Case #68: 0 112
Case #69: 0 508
Case #70: 0 960
Case #71: 254 254
Case #72: 0 32
Case #73: 14 126
Case #74: 0 992
Case #75: 0 768
Case #76: 1023 1023
Case #77: 0 96
Case #78: 2 30
Case #79: 254 1022
Case #80: 31 31
Case #81: 0 224
Case #82: 0 0
Case #83: 30 510
Case #84: 0 1016
Case #85: 0 0
Case #86: 254 254
Case #87: 2 126
Case #88: 30 30
Case #89: 62 254
Case #90: 2 30
Case #91: 30 62
Case #92: 1022 1022
Case #93: 2 126
Case #94: 0 96
Case #95: 0 28
Case #96: 0 0
Case #97: 0 56
Case #98: 0 0
Case #99: 0 480
Case #100: 2 510
