Case #1: 2 0 0 0
Case #2: 0 0 12 0 7 0
Case #3: 99945 199929 999406 0 599661 0 0 199962 199924 0 0 0 799524 0 299853 199903 1199352 0 399797 0
Case #4: 0 100105 0 0 0 101718 0 100516 0 101523 0 101325 0 100920 0 100311 0 100722 0 101120
Case #5: 0 0
Case #6: 1199293 0 1598991 0 1399137 0 199845 0 1798840 0 0 0 999379 0 599592 0 399708 0 799463 0
Case #7: 0 403947 0 673204 0 937195 0 141505 0 1028628 0 504534 0 1127648 0 836236 0 316164 0 0
Case #8: 0 515008 0 63083 0 156569 0 0 0 256442 0 289099 0 39983 0 399590 0 544086 0 557763
Case #9: 0 335043 0 230162 0 0 0 812829 0 466952 0 918208 0 973153 0 137227 0 582285 0 686825
Case #10: 0 848648 0 540092 0 776820 0 481290 0 0 0 381809 0 252043 0 439807 0 99809 0 652484
Case #11: 264710 0 805963 0 487759 0 360273 0 683673 0 192577 0 762744 0 580431 0 100036 0 0 0
Case #12: 161939 0 563464 0 666216 0 229420 0 343816 0 545327 0 400605 0 0 0 84228 0 468046 0
Case #13: 0 0 0 608369 0 474215 0 526629 0 164847 0 372436 0 748751 0 270347 0 846198 0 862772
Case #14: 479680 0 411373 0 430073 0 511205 0 0 0 58623 0 197896 0 448413 0 321752 0 128664 0
Case #15: 0 1020568 0 136136 0 434473 0 301538 0 0 0 640554 0 731843 0 543218 0 697903 0 859814
Case #16: 0 290927 0 567114 0 827851 0 47192 0 717634 0 0 0 418874 0 875393 0 188279 0 92830
Case #17: 0 183811 0 85558 0 365743 0 650356 0 531347 0 713294 0 0 0 815893 0 236567 0 618009
Case #18: 559441 0 442255 0 240583 0 380201 0 348019 0 502678 0 410727 0 129622 0 310806 0 0 0
Case #19: 307031 0 144956 0 471157 0 719176 0 49578 118193 562703 0 384045 0 0 138613 259871 0 0 0
Case #20: 0 582087 0 1055204 0 1156487 0 1263479 0 423627 0 114129 0 0 0 895208 0 721311 0 248191
Case #21: 0 541462 0 142201 0 435614 0 233389 0 324385 0 0 0 668072 0 794644 0 876106 0 258774
Case #22: 705010 0 552565 0 0 0 602869 0 918899 0 328569 0 471918 0 118313 0 229896 0 834849 0
Case #23: 544312 0 1173119 0 802852 0 1047247 0 889744 0 0 0 692725 0 386435 0 196512 0 1219382 0
Case #24: 127960 0 787040 0 259043 0 620913 0 379792 0 690831 0 0 0 475285 0 966372 0 543209 0
Case #25: 0 0 0 208859 0 638265 0 527738 0 239075 0 616724 0 426088 0 162521 0 107549 0 333978
Case #26: 0 652506 0 718766 0 0 0 542543 0 222091 0 248605 0 301899 0 584144 0 115950 0 432899
Case #27: 471269 0 342978 0 587877 0 0 0 1107239 0 715286 0 158854 0 259623 0 837438 0 939836 0
Case #28: 601705 0 470465 0 1234844 0 821326 0 0 0 1149500 0 191524 0 706426 0 354941 0 1012444 0
Case #29: 0 885325 0 1123171 0 474904 0 0 0 727676 0 577461 0 180209 0 1012583 0 362214 0 1197882
Case #30: 948414 0 137671 0 376195 0 485265 0 852823 0 1019431 0 592609 0 277532 0 702752 0 0 0
Case #31: 962657 0 149988 0 503927 0 1024774 0 358538 0 837504 0 0 0 72375 0 676730 0 233760 0
Case #32: 0 71410 0 567322 0 214318 0 312493 0 963022 0 868158 0 753842 0 431028 0 134569 0 0
Case #33: 811988 0 745367 0 685319 0 440478 0 507966 0 67941 0 0 0 606911 0 343565 0 190193 0
Case #34: 703801 0 217945 0 469344 0 0 0 784366 0 293436 0 373697 0 552587 0 121073 0 602629 0
Case #35: 732958 0 119237 0 285074 0 0 0 794347 0 634183 0 553187 0 895263 0 407442 0 486205 0
Case #36: 875230 0 715478 0 50036 0 835190 0 467754 0 573215 0 180094 0 344304 0 984576 0 0 0
Case #37: 0 698308 0 573850 0 149395 0 935057 0 242267 0 332929 0 0 0 823104 0 307475 0 405361
Case #38: 754568 0 874967 0 625181 0 140539 0 0 0 279158 0 462314 0 844283 0 968972 0 65914 0
Case #39: 600613 0 679913 0 113339 0 592508 0 438950 0 176429 0 400889 0 526375 0 299788 0 0 0
Case #40: 431149 0 0 91421 516379 0 73915 0 367589 0 197535 0 309892 0 0 0 465092 0 612959 0
Case #41: 0 776545 0 136809 0 680137 0 380401 0 270461 0 894737 0 530279 0 0 0 1010073 0 1064269
Case #42: 253433 0 202333 0 599112 0 773800 0 342716 0 114659 0 287987 0 374898 0 0 0 446073 0
Case #43: 0 708829 0 0 0 209286 0 616595 0 574228 0 847554 0 594934 0 71177 0 373951 0 514004
Case #44: 0 924159 0 564701 0 310313 0 163513 0 47300 0 786945 0 0 0 441842 0 1062209 0 662942
Case #45: 0 378827 0 463731 0 304606 0 191918 0 70770 0 0 0 561685 0 649445 0 627712 0 410702
Case #46: 644016 0 538794 0 353250 0 0 0 1101166 0 809482 0 996875 0 142854 0 276549 0 435705 0
Case #47: 0 771064 0 837677 0 361124 0 727321 0 554896 0 666783 0 0 0 173363 0 964785 0 473409
Case #48: 489405 0 645433 0 534764 0 69045 0 105191 0 589312 0 181753 0 435051 0 0 0 323367 0
Case #49: 443385 0 0 0 621024 0 357884 0 218692 0 522458 0 100798 0 555007 0 364226 0 308183 0
Case #50: 779074 0 226558 0 119151 0 671830 0 57597 0 811132 0 557385 0 0 0 434176 0 305942 0
