Case #1: 0.000000 0.000000 3.332723 3.083691
Case #2: 0.000000 0.000000 177.745253 1.027897 298.002094 1.257432
Case #3: 421048.903583 1059517.806374 0.000000 0.000000 784136.022079 86209.214491 1166627.908526 787621.718258 1043988.931056 361496.434557 695842.669804 643846.839107 1105224.426251 1041998.648726 855865.824464 507346.471903 782881.249297 293925.062450 997681.358368 25387.900987
Case #4: 0.000000 0.000000 93125.654245 987594.339857 55545.391468 807315.846296 58668.181440 567469.907883 68319.182377 636158.821403 88224.143302 1306556.109063 62493.214849 368550.944304 33610.077668 1328523.280017 83336.041868 453278.298923 62593.376637 108097.237927
Case #5: 0.000000 0.000000
Case #6: 336100776.679814 845756287.686527 624932148.493826 234624626.580626 931256542.447954 628716210.834682 683191823.773086 404987500.980496 0.000000 0.000000 882241433.020681 831771682.947874 625933766.365051 68816196.173429 555453914.683312 513948429.375887 586681814.398617 361259188.968688 833360418.677330 288563231.937587
Case #7: 2170647.993561 41860.318076 1764797.064994 53122.737557 2803071.596856 85973.584693 1864014.847616 37340.472290 1985544.421109 24251.270653 0.000000 0.000000 2958803.186770 64985.364984 2647766.055988 29826.472780 2530320.731185 2094.713710 1067864.765280 87419.061408
Case #8: 0.000000 0.000000 141866.186913 5113503.569551 149747.914539 3865174.367254 95485.775341 973641.473095 89318.100389 3159613.607985 134006.022044 1774007.395064 100490.339342 1442407.682445 109858.611646 2489751.784465 100651.401499 423063.049620 94339.609119 2220922.147503
Case #9: 3763303.979151 35160.275559 0.000000 0.000000 3596377.427175 2469.306774 3085169.935247 49346.107044 4205385.057004 76606.555425 2822079.844947 28588.072250 3984041.743581 101348.052480 2649348.297734 44017.987139 2508328.786097 62622.560326 1517769.937145 103052.020629
Case #10: 2466776.123192 54628.764007 3185477.381516 112197.682313 1213546.974730 114084.065646 2260036.516599 9282.616702 2256420.011009 31648.515879 0.000000 0.000000 2144047.036324 21363.105589 3362454.472581 84807.529679 2005557.453406 69326.503639 3008984.462743 38924.294356
Case #11: 324545.056902 692328.622347 365725.588482 92700.783909 544122.022674 846929.775859 486922.492308 388717.181352 346955.838250 213342.497964 196379.650605 1139299.688504 365140.355179 316057.672725 515483.082417 1120461.335122 0.000000 0.000000 342791.143971 486644.305758
Case #12: 49422.779724 2779877.540393 45208.216554 1610488.541684 63822.227506 5709369.831324 40182.091642 3527797.011718 67368.029537 4315575.343804 60286.126048 1980728.900285 42441.149135 2479721.727814 45280.674593 472361.733867 24313.866286 5805361.654603 0.000000 0.000000
Case #13: 4551696.269636 16178.874725 0.000000 0.000000 3033810.407544 28815.546590 3243303.851514 8879.570324 3413290.654708 13154.698938 3731496.728210 22706.434217 3204372.761428 20254.718948 5086390.996422 35250.231793 4818677.428875 46634.942948 1835734.715915 47419.017782
Case #14: 51546.678737 3145370.041213 86421.538396 3847750.126187 0.000000 0.000000 57994.328312 1435905.295544 63400.884438 2478527.960863 81872.887226 5090451.849130 54444.659058 2210910.210339 77336.680214 1766010.153654 58087.279452 421155.877560 31190.488177 5176037.783961
Case #15: 48979.966186 3489402.685099 99561.544478 1670888.521820 135712.015931 2593943.510905 80946.298987 2120437.123054 85497.140812 1490475.214145 121445.613814 1190547.833937 0.000000 0.000000 91071.362000 968009.122605 128569.044034 3431705.310529 91217.327772 283920.348216
Case #16: 66945.088477 1661291.925279 71309.757600 1078948.327163 38351.787425 3889307.550900 63381.735297 2363450.956554 106263.821546 2891223.797888 77957.652627 1862381.596821 71424.050212 316459.191966 0.000000 0.000000 100670.805439 3824997.737779 95093.090654 1326991.206837
Case #17: 315324.091898 35357.113057 679360.613967 141151.348474 680449.467747 41400.167699 865757.636644 12192.007137 1012364.331012 378238.816019 905941.944342 173601.083150 365373.473825 508811.211454 742694.415665 243642.505527 603831.173383 309193.944855 0.000000 0.000000
Case #18: 4873425.900357 35709.772899 3962230.518689 45317.402760 0.000000 0.000000 6642950.919375 55437.051890 4457840.993494 20688.026449 6293310.458995 73341.468144 5680944.411137 1786.936992 2397514.392306 74574.560667 4184989.120286 31854.028987 5944626.541759 25444.062976
Case #19: 254645.756020 1142949.114342 169336.905499 496411.309191 0.000000 0.000000 180666.392655 94561.298589 160323.440665 706223.732083 97010.447677 1162165.555498 268793.232129 863927.747335 171394.241151 217624.304789 180377.290681 322400.984129 240536.984445 396518.776891
Case #20: 84590.190839 3724365.008946 53257.476794 2301270.391878 60015.155453 308133.395656 79903.430303 1292079.095657 32225.678569 3786982.880678 59919.119330 1050562.032092 0.000000 0.000000 65505.115255 1813383.779028 56251.639046 1617584.621043 89289.808546 2815157.938403
Case #21: 118426.107334 1084457.911301 177677.441425 608883.424676 198549.482389 1326623.898104 125084.082921 762275.674202 188099.166969 1755081.503148 0.000000 0.000000 145660.595979 854544.686419 133452.834592 145205.752368 133239.283652 495070.162566 71658.702193 1784589.746346
Case #22: 1463363.656843 39877.374768 1540060.914123 59076.603976 2053704.248174 72657.913296 1683634.018793 101972.612847 714816.695625 14798.145313 828274.990523 212954.667189 2294956.029230 158305.712158 1368841.186459 129408.102929 1962609.356338 5102.766535 0.000000 0.000000
Case #23: 97953.183611 1068250.119230 0.000000 0.000000 68958.580464 1337367.789713 39505.285291 3130957.638277 103698.658037 3079187.162949 80302.366966 1499248.339105 73454.524734 868571.451866 73572.254899 254754.943219 109459.893999 2327483.521294 65288.053132 1902617.555509
Case #24: 4422412.965064 23032.864967 4151729.541546 35464.453322 0.000000 0.000000 4834695.072676 39757.217984 6243295.309916 81654.194343 6590157.054727 61720.441701 3930741.280811 50453.803363 5635795.950166 1989.473406 2378460.503175 83027.049006 5897382.506264 28327.963916
Case #25: 3084205.630316 55457.091323 3257601.229084 38981.311526 4422054.864223 2186.760978 4898721.429611 89751.491677 0.000000 0.000000 3469989.498677 25316.935707 3793481.355997 43699.771306 5170882.040005 67840.994014 1866228.467181 91260.486467 4627305.393702 31137.126979
Case #26: 4066618.003935 18340.213332 0.000000 0.000000 2710494.570155 32665.020326 1640098.856329 53753.732376 3049533.274374 14912.037392 4305146.746750 52864.912853 2862879.944312 22960.550273 3886237.538960 1288.033506 3333827.847387 25739.790600 4544329.844476 39959.316212
Case #27: 0.000000 0.000000 991313.052352 88549.667605 660732.983311 157712.270832 743379.913123 71997.851411 1107764.113734 192930.371322 812681.952476 124276.084501 947341.991105 6218.844721 706358.520053 48599.362691 744571.374641 21117.213223 399804.309589 259532.157465
Case #28: 121233.755512 1757526.282943 59641.755023 3670332.790455 111073.198709 298641.990615 147881.473015 1252279.300456 98566.408068 2230384.568705 110895.459615 1018201.665095 0.000000 0.000000 104107.861329 1567758.308663 165253.335970 2728442.883740 156555.506772 3609643.731347
Case #29: 1420845.346068 66021.824651 573038.044107 193504.809841 1065483.690964 53680.941439 947026.150925 117588.830899 1164814.048668 92659.115287 1504185.471402 190305.202200 1587754.223356 143847.125458 1067191.408368 15744.801603 1012421.064659 36235.241628 0.000000 0.000000
Case #30: 3984355.726512 5024.821012 3734499.035600 26378.423460 3535719.120306 37527.486416 4348829.543363 29571.377347 5304721.577313 21070.310070 5927875.339434 45907.600283 3977979.969019 17131.820984 2139435.713824 61755.432614 0.000000 0.000000 5615871.669994 60734.304745
Case #31: 313885.896280 529177.749235 335560.631544 163067.218723 526251.209624 647346.329594 470930.305874 297113.937626 189929.876700 870817.738003 353713.919505 70855.357698 353147.907250 241577.023515 0.000000 0.000000 331532.719953 371964.021256 498552.869317 856418.741457
Case #32: 3444692.443676 64068.297258 2084356.190743 105431.133067 3875567.338388 29248.071325 4938911.603876 2526.314472 3638354.793220 45034.209238 5168152.138621 35972.003930 5775262.879771 78375.134126 0.000000 0.000000 4236869.433667 50485.336885 5471291.708434 103687.826225
Case #33: 661546.082883 56557.828248 0.000000 0.000000 928422.674996 103050.258573 887241.203403 7237.221481 761124.198303 144627.111413 696218.783605 83787.973521 374440.128376 302032.256677 618815.098185 183538.693357 697334.657028 24575.295896 1037485.907502 224523.989632
Case #34: 4211389.626753 19304.210401 5366873.874178 1667.409299 4603998.956775 33321.156618 5615978.360248 23742.117034 3953622.346551 29723.322291 2264968.009510 69586.290082 5945385.316262 68435.678758 3743178.935625 42286.134924 0.000000 0.000000 6275695.933012 51728.883679
Case #35: 4348987.088040 62366.240787 2892033.337033 27087.213989 1656800.376124 63414.806451 3367777.015494 30365.962824 4108029.349859 21636.471131 0.000000 0.000000 4590605.844584 47141.141488 3080587.402697 17592.154501 2738096.186084 38535.853235 3925812.027372 1519.529750
Case #36: 1938628.691273 35741.272273 0.000000 0.000000 2600017.289049 4573.504879 1097278.624751 190866.895980 1813407.614338 115985.825748 2230437.526019 91395.959271 2040235.358084 52949.147228 2880280.955867 187710.906321 3040302.103083 141886.159596 2720697.593029 65121.795931
Case #37: 44335.776016 3390384.162001 26827.227894 5579234.333233 66517.995258 1903576.614652 46828.355743 2383132.942237 49961.407297 453962.553945 0.000000 0.000000 74331.965962 4147477.376662 70419.628942 5486981.531770 49881.459161 1547757.659149 54531.688182 2671597.247218
Case #38: 271402.733305 32995.858195 0.000000 0.000000 519723.786167 288545.038808 585669.950910 38635.339385 745166.623809 11377.788056 314480.758119 474831.261083 779753.676385 162007.478180 584732.763110 131724.834852 85045.051271 346802.199343 871352.534098 352978.884816
Case #39: 36133.522299 3936445.777594 94848.011981 3871356.532528 89592.911891 1343074.278569 59715.739460 2392095.872266 63072.988502 1681426.706176 67292.887354 320294.662660 67185.205420 1092025.130726 73448.586590 1884953.575189 100117.528365 2926265.295898 0.000000 0.000000
Case #40: 36376.859262 5852647.042891 100791.758102 4350726.238435 67637.656296 1623606.169932 0.000000 0.000000 73943.217471 2802519.986585 63497.746136 2499919.367810 95486.754779 5755873.354346 67746.063401 476209.178579 60117.888094 3556531.354456 90196.264834 1996862.182020
Case #41: 795034.154885 38015.167825 1011547.401549 11195.152658 867760.877308 223721.575342 115446.797909 341235.356542 426900.754205 467209.305419 1182842.016186 347312.894324 0.000000 0.000000 1058498.569306 159406.946334 368423.277260 32466.211163 705513.677912 283913.335562
Case #42: 150687.389238 716380.780086 164735.311699 1236550.766669 133934.380632 1569241.823104 150928.905349 210116.904674 224550.165054 1919662.978839 200944.864314 881071.847454 0.000000 0.000000 212731.347779 2539653.470175 141464.239179 1103034.849233 81042.635878 2582352.747731
Case #43: 0.000000 0.000000 452923.795540 27506.177692 603017.098874 115340.166622 494355.554107 161875.529079 401924.786303 205427.756964 243201.513703 338053.016970 452199.027854 93780.636367 638387.254209 332463.300533 673854.440346 251301.013052 429678.863318 63302.988504
Case #44: 85628.557539 626452.334407 81070.720664 891227.692412 91211.346801 406857.872461 49055.252760 1466609.063351 0.000000 0.000000 121632.286548 500391.729238 135920.617396 1090244.206884 99714.579447 702280.725700 128766.666115 1442358.639966 91357.536936 119332.789460
Case #45: 591457.657960 106693.671941 592405.624170 31293.614680 318097.538577 384600.905775 646596.653733 184164.826171 0.000000 0.000000 834984.170661 378241.518647 562002.212564 72019.433328 881373.785752 285903.667147 525701.025743 233713.936671 788721.467851 131221.821218
Case #46: 135886.535606 256858.030827 1245904.660258 119990.363104 433652.242333 24438.285505 1021397.054638 168401.902658 502483.096865 351682.379546 830424.154246 213710.035903 934296.684488 97561.612225 0.000000 0.000000 1190640.836188 8426.925321 1392262.987452 261432.774789
Case #47: 71934.614675 2804730.675656 107925.174381 1574753.617721 76901.909313 864283.562958 75978.815056 1971471.593742 0.000000 0.000000 114255.559025 4539162.727160 80932.462823 1280398.673918 81062.178347 375545.259714 88477.440330 2210106.700076 120603.309786 3431043.937524
Case #48: 51673.764563 1136380.681756 72949.897372 4028602.137418 68908.072939 1397626.869003 56491.082332 1961516.057261 45928.817843 2489257.308891 77002.809725 3045123.466840 0.000000 0.000000 48510.959187 1749722.394592 51756.585339 333304.295730 27791.164921 4096335.158025
Case #49: 1934994.644108 152881.777408 698360.949010 205658.327695 1731582.945461 70168.478294 1654776.189444 4927.933471 1419557.833574 98478.785676 602698.465651 14291.125234 0.000000 0.000000 1154139.918454 124974.269829 1298504.015969 57052.497322 1598647.812110 3300.036989
Case #50: 562057.295632 297152.242897 0.000000 0.000000 1331802.746465 7120.287810 1142493.488594 142290.333532 928878.916078 180573.210919 485065.881999 20649.005389 1557329.140857 220896.297096 1046741.526287 24178.226445 1286629.309981 4768.167688 1393618.627829 101385.248725
