Case #1: 0 0 2 0
Case #2: 0 0 0 0 13 0
Case #3: 0 0 0 0 0 0 0 0 0 0 0 0 0 0 0 199977 0 0 299931 199974
Case #4: 0 0 0 0 0 400000 0 0 0 500312 0 500517 0 0 0 500912 0 0 0 501304
Case #5: 0 0
Case #6: 0 0 0 0 0 0 0 0 0 0 0 0 1200000 0 0 0 0 0 1799935 0
Case #7: 0 0 0 182594 0 0 0 0 0 0 0 0 0 0 0 0 157023 65726 128846 169001
Case #8: 0 0 0 0 0 0 544800 0 0 0 0 0 0 0 90586 181386 0 0 421691 0
Case #9: 0 0 0 0 0 0 0 0 0 0 0 0 0 0 0 0 1295696 0 1441502 0
Case #10: 0 0 0 0 0 0 0 0 0 0 0 0 0 0 0 1363138 0 0 0 1714500
Case #11: 0 0 162670 0 0 0 0 0 0 0 0 0 0 0 0 0 1280326 0 1377252 0
Case #12: 0 0 0 0 0 0 0 0 0 731144 0 893277 0 0 0 0 0 1224632 0 1283625
Case #13: 0 0 0 0 0 395600 0 0 0 0 0 0 0 1163385 0 0 0 1510424 0 1636640
Case #14: 0 0 0 0 0 0 0 0 0 0 0 0 0 0 0 0 0 181172 35158 306916
Case #15: 0 0 0 0 0 0 0 0 0 0 0 0 89478 357912 0 0 0 0 544231 0
Case #16: 0 0 0 0 0 0 0 525426 0 699417 0 0 0 999344 0 0 0 0 0 1384723
Case #17: 0 0 0 0 0 0 0 0 0 0 0 0 0 1135620 0 0 0 0 0 1604980
Case #18: 0 0 0 0 0 0 0 0 0 0 0 0 0 0 180948 0 292670 21248 277332 48406
Case #19: 0 0 0 184846 0 0 0 0 0 0 0 0 0 0 122878 0 0 0 143739 153948
Case #20: 0 0 121180 0 0 0 0 0 0 0 0 0 654270 0 0 0 818430 0 862345 0
Case #21: 0 0 0 0 0 0 0 0 0 0 0 0 0 0 1330308 0 0 0 1693197 0
Case #22: 0 0 0 0 288196 0 0 0 0 0 716405 0 0 0 0 0 0 0 965444 0
Case #23: 0 0 0 0 0 0 0 0 0 0 957790 0 1118423 0 1205521 0 0 0 1286058 0
Case #24: 0 0 0 161420 0 0 0 0 0 623505 0 0 0 0 0 1045330 0 0 0 1317291
Case #25: 0 0 0 187884 0 0 0 528204 0 0 0 0 0 0 0 0 0 0 0 1502826
Case #26: 0 0 0 0 0 0 0 0 0 0 0 0 0 0 0 1385552 0 0 0 1742475
Case #27: 0 0 0 0 0 0 0 0 0 0 0 0 0 0 0 0 306456 76614 0 216722
Case #28: 0 0 0 0 0 0 0 0 0 0 0 0 1185804 0 0 0 1542360 0 1694680 0
Case #29: 0 0 0 0 0 385656 0 0 0 0 0 866475 0 1016840 0 0 0 0 0 1426909
Case #30: 0 0 0 0 335812 0 502389 0 0 0 0 0 0 0 1151376 0 1284904 0 1346852 0
Case #31: 0 0 0 0 0 0 584028 0 0 0 0 0 0 0 1320795 0 1491096 0 1613852 0
Case #32: 0 0 0 0 0 0 0 0 0 0 0 0 1064470 0 0 0 0 0 1541650 0
Case #33: 0 0 168352 0 318407 0 0 0 0 0 0 0 0 0 0 0 1057310 0 1157637 0
Case #34: 0 0 0 0 0 0 0 536448 0 0 0 0 0 0 0 0 0 1373540 0 1491109
Case #35: 0 0 0 0 0 0 0 0 0 0 0 0 0 1080048 0 0 0 1439548 0 1551689
Case #36: 0 0 0 0 0 0 0 0 0 0 0 0 0 0 0 0 1254768 0 1380428 0
Case #37: 0 0 0 0 0 344284 0 0 0 0 0 0 0 0 0 1003070 0 0 0 1154731
Case #38: 0 0 0 0 368620 0 0 0 0 0 0 0 0 0 0 0 1223130 0 1345139 0
Case #39: 0 0 0 0 0 0 0 590790 0 0 0 0 0 1120290 0 0 0 0 0 1551677
Case #40: 0 0 0 0 0 0 0 0 0 0 0 0 0 0 0 0 0 1519200 0 1627506
Case #41: 0 0 0 0 0 0 0 0 0 0 0 0 0 0 1335096 0 1441166 0 1460494 0
Case #42: 0 0 0 0 0 379832 0 0 0 0 0 0 0 0 0 0 0 1432824 0 1549182
Case #43: 0 0 0 0 0 0 0 0 0 0 0 0 0 1094772 0 0 0 0 0 1505958
Case #44: 0 0 0 0 0 0 0 0 785232 0 964577 0 1101395 0 1197563 0 0 0 1343341 0
Case #45: 0 0 0 0 0 0 0 0 0 0 0 0 0 0 0 0 0 0 0 1712106
Case #46: 0 0 0 0 0 395816 0 0 0 0 0 0 0 0 0 0 0 0 0 1521081
Case #47: 0 0 0 198268 0 0 0 577542 0 0 0 0 0 1042362 0 0 0 0 0 1380440
Case #48: 0 0 0 0 0 0 0 0 0 0 0 0 0 0 287322 574644 0 0 654431 0
Case #49: 0 0 0 0 0 0 0 0 0 0 0 0 0 0 0 1315062 0 0 0 1506075
Case #50: 0 0 0 0 0 0 0 0 0 0 0 0 0 0 1206926 0 0 0 1509798 0
